0 0 0 0 7.44729e-39 844909 2.87827e-35 -6.26349e-33 -217.613
1 0 0 1 7.44729e-39 659.371 2.87827e-35 2.38721e-35 0.829393
2 0 0 2 7.44729e-39 659.371 2.87827e-35 2.38721e-35 0.829393
3 0 0 3 7.44729e-39 659.371 2.87827e-35 2.38721e-35 0.829393
4 0 0 4 7.44729e-39 659.371 2.87827e-35 2.38721e-35 0.829393
5 0 0 5 7.44729e-39 659.371 2.87827e-35 2.38721e-35 0.829393
6 0 0 6 7.44729e-39 659.371 2.87827e-35 2.38721e-35 0.829393
7 0 0 7 7.44729e-39 659.371 2.87827e-35 2.38721e-35 0.829393
16 0 1 0 7.44729e-39 659.371 2.87827e-35 2.38721e-35 0.829393
17 0 1 1 7.44729e-39 659.371 2.87827e-35 2.38721e-35 0.829393
18 0 1 2 7.44729e-39 659.371 2.87827e-35 2.38721e-35 0.829393
19 0 1 3 7.44729e-39 659.371 2.87827e-35 2.38721e-35 0.829393
20 0 1 4 7.44729e-39 659.371 2.87827e-35 2.38721e-35 0.829393
21 0 1 5 7.44729e-39 659.371 2.87827e-35 2.38721e-35 0.829393
22 0 1 6 7.44729e-39 659.371 2.87827e-35 2.38721e-35 0.829393
23 0 1 7 7.44729e-39 659.371 2.87827e-35 2.38721e-35 0.829393
32 0 2 0 7.44729e-39 659.371 2.87827e-35 2.38721e-35 0.829393
33 0 2 1 7.44729e-39 659.371 2.87827e-35 2.38721e-35 0.829393
34 0 2 2 7.44729e-39 659.371 2.87827e-35 2.38721e-35 0.829393
35 0 2 3 7.44729e-39 659.371 2.87827e-35 2.38721e-35 0.829393
36 0 2 4 7.44729e-39 659.371 2.87827e-35 2.38721e-35 0.829393
37 0 2 5 7.44729e-39 659.371 2.87827e-35 2.38721e-35 0.829393
38 0 2 6 7.44729e-39 659.371 2.87827e-35 2.38721e-35 0.829393
39 0 2 7 7.44729e-39 659.371 2.87827e-35 2.38721e-35 0.829393
48 0 3 0 7.44729e-39 659.371 2.87827e-35 2.38721e-35 0.829393
49 0 3 1 7.44729e-39 659.371 2.87827e-35 2.38721e-35 0.829393
50 0 3 2 7.44729e-39 659.371 2.87827e-35 2.38721e-35 0.829393
51 0 3 3 7.44729e-39 659.371 2.87827e-35 2.38721e-35 0.829393
52 0 3 4 7.44729e-39 659.371 2.87827e-35 2.38721e-35 0.829393
53 0 3 5 7.44729e-39 659.371 2.87827e-35 2.38721e-35 0.829393
54 0 3 6 7.44729e-39 659.371 2.87827e-35 2.38721e-35 0.829393
55 0 3 7 7.44729e-39 659.371 2.87827e-35 2.38721e-35 0.829393
64 0 4 0 7.44729e-39 659.371 2.87827e-35 2.38721e-35 0.829393
65 0 4 1 7.44729e-39 659.371 2.87827e-35 2.38721e-35 0.829393
66 0 4 2 7.44729e-39 659.371 2.87827e-35 2.38721e-35 0.829393
67 0 4 3 7.44729e-39 659.371 2.87827e-35 2.38721e-35 0.829393
68 0 4 4 7.44729e-39 659.371 2.87827e-35 2.38721e-35 0.829393
69 0 4 5 7.44729e-39 659.371 2.87827e-35 2.38721e-35 0.829393
70 0 4 6 7.44729e-39 659.371 2.87827e-35 2.38721e-35 0.829393
71 0 4 7 7.44729e-39 659.371 2.87827e-35 2.38721e-35 0.829393
80 0 5 0 7.44729e-39 659.371 2.87827e-35 2.38721e-35 0.829393
81 0 5 1 7.44729e-39 659.371 2.87827e-35 2.38721e-35 0.829393
82 0 5 2 7.44729e-39 659.371 2.87827e-35 2.38721e-35 0.829393
83 0 5 3 7.44729e-39 659.371 2.87827e-35 2.38721e-35 0.829393
84 0 5 4 7.44729e-39 659.371 2.87827e-35 2.38721e-35 0.829393
85 0 5 5 7.44729e-39 659.371 2.87827e-35 2.38721e-35 0.829393
86 0 5 6 7.44729e-39 659.371 2.87827e-35 2.38721e-35 0.829393
87 0 5 7 7.44729e-39 659.371 2.87827e-35 2.38721e-35 0.829393
96 0 6 0 7.44729e-39 659.371 2.87827e-35 2.38721e-35 0.829393
97 0 6 1 7.44729e-39 659.371 2.87827e-35 2.38721e-35 0.829393
98 0 6 2 7.44729e-39 659.371 2.87827e-35 2.38721e-35 0.829393
99 0 6 3 7.44729e-39 659.371 2.87827e-35 2.38721e-35 0.829393
100 0 6 4 7.44729e-39 659.371 2.87827e-35 2.38721e-35 0.829393
101 0 6 5 7.44729e-39 659.371 2.87827e-35 2.38721e-35 0.829393
102 0 6 6 7.44729e-39 659.371 2.87827e-35 2.38721e-35 0.829393
103 0 6 7 7.44729e-39 659.371 2.87827e-35 2.38721e-35 0.829393
112 0 7 0 7.44729e-39 659.371 2.87827e-35 2.38721e-35 0.829393
113 0 7 1 7.44729e-39 659.371 2.87827e-35 2.38721e-35 0.829393
114 0 7 2 7.44729e-39 659.371 2.87827e-35 2.38721e-35 0.829393
115 0 7 3 7.44729e-39 659.371 2.87827e-35 2.38721e-35 0.829393
116 0 7 4 7.44729e-39 659.371 2.87827e-35 2.38721e-35 0.829393
117 0 7 5 7.44729e-39 659.371 2.87827e-35 2.38721e-35 0.829393
118 0 7 6 7.44729e-39 659.371 2.87827e-35 2.38721e-35 0.829393
119 0 7 7 7.44729e-39 659.371 2.87827e-35 2.38721e-35 0.829393
256 1 0 0 1.76623e-36 770285 1.12787e-32 -1.34922e-30 -119.625
257 1 0 1 1.76623e-36 638.744 1.12787e-32 1.01505e-32 0.899974
258 1 0 2 1.76623e-36 638.744 1.12787e-32 1.01505e-32 0.899974
259 1 0 3 1.76623e-36 638.744 1.12787e-32 1.01505e-32 0.899974
260 1 0 4 1.76623e-36 638.744 1.12787e-32 1.01505e-32 0.899974
261 1 0 5 1.76623e-36 638.744 1.12787e-32 1.01505e-32 0.899974
262 1 0 6 1.76623e-36 638.744 1.12787e-32 1.01505e-32 0.899974
263 1 0 7 1.76623e-36 638.744 1.12787e-32 1.01505e-32 0.899974
272 1 1 0 1.76623e-36 638.744 1.12787e-32 1.01505e-32 0.899974
273 1 1 1 1.76623e-36 638.744 1.12787e-32 1.01505e-32 0.899974
274 1 1 2 1.76623e-36 638.744 1.12787e-32 1.01505e-32 0.899974
275 1 1 3 1.76623e-36 638.744 1.12787e-32 1.01505e-32 0.899974
276 1 1 4 1.76623e-36 638.744 1.12787e-32 1.01505e-32 0.899974
277 1 1 5 1.76623e-36 638.744 1.12787e-32 1.01505e-32 0.899974
278 1 1 6 1.76623e-36 638.744 1.12787e-32 1.01505e-32 0.899974
279 1 1 7 1.76623e-36 638.744 1.12787e-32 1.01505e-32 0.899974
288 1 2 0 1.76623e-36 638.744 1.12787e-32 1.01505e-32 0.899974
289 1 2 1 1.76623e-36 638.744 1.12787e-32 1.01505e-32 0.899974
290 1 2 2 1.76623e-36 638.744 1.12787e-32 1.01505e-32 0.899974
291 1 2 3 1.76623e-36 638.744 1.12787e-32 1.01505e-32 0.899974
292 1 2 4 1.76623e-36 638.744 1.12787e-32 1.01505e-32 0.899974
293 1 2 5 1.76623e-36 638.744 1.12787e-32 1.01505e-32 0.899974
294 1 2 6 1.76623e-36 638.744 1.12787e-32 1.01505e-32 0.899974
295 1 2 7 1.76623e-36 638.744 1.12787e-32 1.01505e-32 0.899974
304 1 3 0 1.76623e-36 638.744 1.12787e-32 1.01505e-32 0.899974
305 1 3 1 1.76623e-36 638.744 1.12787e-32 1.01505e-32 0.899974
306 1 3 2 1.76623e-36 638.744 1.12787e-32 1.01505e-32 0.899974
307 1 3 3 1.76623e-36 638.744 1.12787e-32 1.01505e-32 0.899974
308 1 3 4 1.76623e-36 638.744 1.12787e-32 1.01505e-32 0.899974
309 1 3 5 1.76623e-36 638.744 1.12787e-32 1.01505e-32 0.899974
310 1 3 6 1.76623e-36 638.744 1.12787e-32 1.01505e-32 0.899974
311 1 3 7 1.76623e-36 638.744 1.12787e-32 1.01505e-32 0.899974
320 1 4 0 1.76623e-36 638.744 1.12787e-32 1.01505e-32 0.899974
321 1 4 1 1.76623e-36 638.744 1.12787e-32 1.01505e-32 0.899974
322 1 4 2 1.76623e-36 638.744 1.12787e-32 1.01505e-32 0.899974
323 1 4 3 1.76623e-36 638.744 1.12787e-32 1.01505e-32 0.899974
324 1 4 4 1.76623e-36 638.744 1.12787e-32 1.01505e-32 0.899974
325 1 4 5 1.76623e-36 638.744 1.12787e-32 1.01505e-32 0.899974
326 1 4 6 1.76623e-36 638.744 1.12787e-32 1.01505e-32 0.899974
327 1 4 7 1.76623e-36 638.744 1.12787e-32 1.01505e-32 0.899974
336 1 5 0 1.76623e-36 638.744 1.12787e-32 1.01505e-32 0.899974
337 1 5 1 1.76623e-36 638.744 1.12787e-32 1.01505e-32 0.899974
338 1 5 2 1.76623e-36 638.744 1.12787e-32 1.01505e-32 0.899974
339 1 5 3 1.76623e-36 638.744 1.12787e-32 1.01505e-32 0.899974
340 1 5 4 1.76623e-36 638.744 1.12787e-32 1.01505e-32 0.899974
341 1 5 5 1.76623e-36 638.744 1.12787e-32 1.01505e-32 0.899974
342 1 5 6 1.76623e-36 638.744 1.12787e-32 1.01505e-32 0.899974
343 1 5 7 1.76623e-36 638.744 1.12787e-32 1.01505e-32 0.899974
352 1 6 0 1.76623e-36 638.744 1.12787e-32 1.01505e-32 0.899974
353 1 6 1 1.76623e-36 638.744 1.12787e-32 1.01505e-32 0.899974
354 1 6 2 1.76623e-36 638.744 1.12787e-32 1.01505e-32 0.899974
355 1 6 3 1.76623e-36 638.744 1.12787e-32 1.01505e-32 0.899974
356 1 6 4 1.76623e-36 638.744 1.12787e-32 1.01505e-32 0.899974
357 1 6 5 1.76623e-36 638.744 1.12787e-32 1.01505e-32 0.899974
358 1 6 6 1.76623e-36 638.744 1.12787e-32 1.01505e-32 0.899974
359 1 6 7 1.76623e-36 638.744 1.12787e-32 1.01505e-32 0.899974
368 1 7 0 1.76623e-36 638.744 1.12787e-32 1.01505e-32 0.899974
369 1 7 1 1.76623e-36 638.744 1.12787e-32 1.01505e-32 0.899974
370 1 7 2 1.76623e-36 638.744 1.12787e-32 1.01505e-32 0.899974
371 1 7 3 1.76623e-36 638.744 1.12787e-32 1.01505e-32 0.899974
372 1 7 4 1.76623e-36 638.744 1.12787e-32 1.01505e-32 0.899974
373 1 7 5 1.76623e-36 638.744 1.12787e-32 1.01505e-32 0.899974
374 1 7 6 1.76623e-36 638.744 1.12787e-32 1.01505e-32 0.899974
375 1 7 7 1.76623e-36 638.744 1.12787e-32 1.01505e-32 0.899974
512 2 0 0 1.91779e-34 708177 1.51316e-30 -1.343e-28 -88.755
513 2 0 1 1.91779e-34 620.519 1.51316e-30 1.39416e-30 0.921355
514 2 0 2 1.91779e-34 620.519 1.51316e-30 1.39416e-30 0.921355
515 2 0 3 1.91779e-34 620.519 1.51316e-30 1.39416e-30 0.921355
516 2 0 4 1.91779e-34 620.519 1.51316e-30 1.39416e-30 0.921355
517 2 0 5 1.91779e-34 620.519 1.51316e-30 1.39416e-30 0.921355
518 2 0 6 1.91779e-34 620.519 1.51316e-30 1.39416e-30 0.921355
519 2 0 7 1.91779e-34 620.519 1.51316e-30 1.39416e-30 0.921355
528 2 1 0 1.91779e-34 620.519 1.51316e-30 1.39416e-30 0.921355
529 2 1 1 1.91779e-34 620.519 1.51316e-30 1.39416e-30 0.921355
530 2 1 2 1.91779e-34 620.519 1.51316e-30 1.39416e-30 0.921355
531 2 1 3 1.91779e-34 620.519 1.51316e-30 1.39416e-30 0.921355
532 2 1 4 1.91779e-34 620.519 1.51316e-30 1.39416e-30 0.921355
533 2 1 5 1.91779e-34 620.519 1.51316e-30 1.39416e-30 0.921355
534 2 1 6 1.91779e-34 620.519 1.51316e-30 1.39416e-30 0.921355
535 2 1 7 1.91779e-34 620.519 1.51316e-30 1.39416e-30 0.921355
544 2 2 0 1.91779e-34 620.519 1.51316e-30 1.39416e-30 0.921355
545 2 2 1 1.91779e-34 620.519 1.51316e-30 1.39416e-30 0.921355
546 2 2 2 1.91779e-34 620.519 1.51316e-30 1.39416e-30 0.921355
547 2 2 3 1.91779e-34 620.519 1.51316e-30 1.39416e-30 0.921355
548 2 2 4 1.91779e-34 620.519 1.51316e-30 1.39416e-30 0.921355
549 2 2 5 1.91779e-34 620.519 1.51316e-30 1.39416e-30 0.921355
550 2 2 6 1.91779e-34 620.519 1.51316e-30 1.39416e-30 0.921355
551 2 2 7 1.91779e-34 620.519 1.51316e-30 1.39416e-30 0.921355
560 2 3 0 1.91779e-34 620.519 1.51316e-30 1.39416e-30 0.921355
561 2 3 1 1.91779e-34 620.519 1.51316e-30 1.39416e-30 0.921355
562 2 3 2 1.91779e-34 620.519 1.51316e-30 1.39416e-30 0.921355
563 2 3 3 1.91779e-34 620.519 1.51316e-30 1.39416e-30 0.921355
564 2 3 4 1.91779e-34 620.519 1.51316e-30 1.39416e-30 0.921355
565 2 3 5 1.91779e-34 620.519 1.51316e-30 1.39416e-30 0.921355
566 2 3 6 1.91779e-34 620.519 1.51316e-30 1.39416e-30 0.921355
567 2 3 7 1.91779e-34 620.519 1.51316e-30 1.39416e-30 0.921355
576 2 4 0 1.91779e-34 620.519 1.51316e-30 1.39416e-30 0.921355
577 2 4 1 1.91779e-34 620.519 1.51316e-30 1.39416e-30 0.921355
578 2 4 2 1.91779e-34 620.519 1.51316e-30 1.39416e-30 0.921355
579 2 4 3 1.91779e-34 620.519 1.51316e-30 1.39416e-30 0.921355
580 2 4 4 1.91779e-34 620.519 1.51316e-30 1.39416e-30 0.921355
581 2 4 5 1.91779e-34 620.519 1.51316e-30 1.39416e-30 0.921355
582 2 4 6 1.91779e-34 620.519 1.51316e-30 1.39416e-30 0.921355
583 2 4 7 1.91779e-34 620.519 1.51316e-30 1.39416e-30 0.921355
592 2 5 0 1.91779e-34 620.519 1.51316e-30 1.39416e-30 0.921355
593 2 5 1 1.91779e-34 620.519 1.51316e-30 1.39416e-30 0.921355
594 2 5 2 1.91779e-34 620.519 1.51316e-30 1.39416e-30 0.921355
595 2 5 3 1.91779e-34 620.519 1.51316e-30 1.39416e-30 0.921355
596 2 5 4 1.91779e-34 620.519 1.51316e-30 1.39416e-30 0.921355
597 2 5 5 1.91779e-34 620.519 1.51316e-30 1.39416e-30 0.921355
598 2 5 6 1.91779e-34 620.519 1.51316e-30 1.39416e-30 0.921355
599 2 5 7 1.91779e-34 620.519 1.51316e-30 1.39416e-30 0.921355
608 2 6 0 1.91779e-34 620.519 1.51316e-30 1.39416e-30 0.921355
609 2 6 1 1.91779e-34 620.519 1.51316e-30 1.39416e-30 0.921355
610 2 6 2 1.91779e-34 620.519 1.51316e-30 1.39416e-30 0.921355
611 2 6 3 1.91779e-34 620.519 1.51316e-30 1.39416e-30 0.921355
612 2 6 4 1.91779e-34 620.519 1.51316e-30 1.39416e-30 0.921355
613 2 6 5 1.91779e-34 620.519 1.51316e-30 1.39416e-30 0.921355
614 2 6 6 1.91779e-34 620.519 1.51316e-30 1.39416e-30 0.921355
615 2 6 7 1.91779e-34 620.519 1.51316e-30 1.39416e-30 0.921355
624 2 7 0 1.91779e-34 620.519 1.51316e-30 1.39416e-30 0.921355
625 2 7 1 1.91779e-34 620.519 1.51316e-30 1.39416e-30 0.921355
626 2 7 2 1.91779e-34 620.519 1.51316e-30 1.39416e-30 0.921355
627 2 7 3 1.91779e-34 620.519 1.51316e-30 1.39416e-30 0.921355
628 2 7 4 1.91779e-34 620.519 1.51316e-30 1.39416e-30 0.921355
629 2 7 5 1.91779e-34 620.519 1.51316e-30 1.39416e-30 0.921355
630 2 7 6 1.91779e-34 620.519 1.51316e-30 1.39416e-30 0.921355
631 2 7 7 1.91779e-34 620.519 1.51316e-30 1.39416e-30 0.921355
768 3 0 0 9.53376e-33 657765 8.06948e-29 -6.19028e-27 -76.7123
769 3 0 1 9.53376e-33 604.912 8.06948e-29 7.49277e-29 0.928532
770 3 0 2 9.53376e-33 604.912 8.06948e-29 7.49277e-29 0.928532
771 3 0 3 9.53376e-33 604.912 8.06948e-29 7.49277e-29 0.928532
772 3 0 4 9.53376e-33 604.912 8.06948e-29 7.49277e-29 0.928532
773 3 0 5 9.53376e-33 604.912 8.06948e-29 7.49277e-29 0.928532
774 3 0 6 9.53376e-33 604.912 8.06948e-29 7.49277e-29 0.928532
775 3 0 7 9.53376e-33 604.912 8.06948e-29 7.49277e-29 0.928532
784 3 1 0 9.53376e-33 604.912 8.06948e-29 7.49277e-29 0.928532
785 3 1 1 9.53376e-33 604.912 8.06948e-29 7.49277e-29 0.928532
786 3 1 2 9.53376e-33 604.912 8.06948e-29 7.49277e-29 0.928532
787 3 1 3 9.53376e-33 604.912 8.06948e-29 7.49277e-29 0.928532
788 3 1 4 9.53376e-33 604.912 8.06948e-29 7.49277e-29 0.928532
789 3 1 5 9.53376e-33 604.912 8.06948e-29 7.49277e-29 0.928532
790 3 1 6 9.53376e-33 604.912 8.06948e-29 7.49277e-29 0.928532
791 3 1 7 9.53376e-33 604.912 8.06948e-29 7.49277e-29 0.928532
800 3 2 0 9.53376e-33 604.912 8.06948e-29 7.49277e-29 0.928532
801 3 2 1 9.53376e-33 604.912 8.06948e-29 7.49277e-29 0.928532
802 3 2 2 9.53376e-33 604.912 8.06948e-29 7.49277e-29 0.928532
803 3 2 3 9.53376e-33 604.912 8.06948e-29 7.49277e-29 0.928532
804 3 2 4 9.53376e-33 604.912 8.06948e-29 7.49277e-29 0.928532
805 3 2 5 9.53376e-33 604.912 8.06948e-29 7.49277e-29 0.928532
806 3 2 6 9.53376e-33 604.912 8.06948e-29 7.49277e-29 0.928532
807 3 2 7 9.53376e-33 604.912 8.06948e-29 7.49277e-29 0.928532
816 3 3 0 9.53376e-33 604.912 8.06948e-29 7.49277e-29 0.928532
817 3 3 1 9.53376e-33 604.912 8.06948e-29 7.49277e-29 0.928532
818 3 3 2 9.53376e-33 604.912 8.06948e-29 7.49277e-29 0.928532
819 3 3 3 9.53376e-33 604.912 8.06948e-29 7.49277e-29 0.928532
820 3 3 4 9.53376e-33 604.912 8.06948e-29 7.49277e-29 0.928532
821 3 3 5 9.53376e-33 604.912 8.06948e-29 7.49277e-29 0.928532
822 3 3 6 9.53376e-33 604.912 8.06948e-29 7.49277e-29 0.928532
823 3 3 7 9.53376e-33 604.912 8.06948e-29 7.49277e-29 0.928532
832 3 4 0 9.53376e-33 604.912 8.06948e-29 7.49277e-29 0.928532
833 3 4 1 9.53376e-33 604.912 8.06948e-29 7.49277e-29 0.928532
834 3 4 2 9.53376e-33 604.912 8.06948e-29 7.49277e-29 0.928532
835 3 4 3 9.53376e-33 604.912 8.06948e-29 7.49277e-29 0.928532
836 3 4 4 9.53376e-33 604.912 8.06948e-29 7.49277e-29 0.928532
837 3 4 5 9.53376e-33 604.912 8.06948e-29 7.49277e-29 0.928532
838 3 4 6 9.53376e-33 604.912 8.06948e-29 7.49277e-29 0.928532
839 3 4 7 9.53376e-33 604.912 8.06948e-29 7.49277e-29 0.928532
848 3 5 0 9.53376e-33 604.912 8.06948e-29 7.49277e-29 0.928532
849 3 5 1 9.53376e-33 604.912 8.06948e-29 7.49277e-29 0.928532
850 3 5 2 9.53376e-33 604.912 8.06948e-29 7.49277e-29 0.928532
851 3 5 3 9.53376e-33 604.912 8.06948e-29 7.49277e-29 0.928532
852 3 5 4 9.53376e-33 604.912 8.06948e-29 7.49277e-29 0.928532
853 3 5 5 9.53376e-33 604.912 8.06948e-29 7.49277e-29 0.928532
854 3 5 6 9.53376e-33 604.912 8.06948e-29 7.49277e-29 0.928532
855 3 5 7 9.53376e-33 604.912 8.06948e-29 7.49277e-29 0.928532
864 3 6 0 9.53376e-33 604.912 8.06948e-29 7.49277e-29 0.928532
865 3 6 1 9.53376e-33 604.912 8.06948e-29 7.49277e-29 0.928532
866 3 6 2 9.53376e-33 604.912 8.06948e-29 7.49277e-29 0.928532
867 3 6 3 9.53376e-33 604.912 8.06948e-29 7.49277e-29 0.928532
868 3 6 4 9.53376e-33 604.912 8.06948e-29 7.49277e-29 0.928532
869 3 6 5 9.53376e-33 604.912 8.06948e-29 7.49277e-29 0.928532
870 3 6 6 9.53376e-33 604.912 8.06948e-29 7.49277e-29 0.928532
871 3 6 7 9.53376e-33 604.912 8.06948e-29 7.49277e-29 0.928532
880 3 7 0 9.53376e-33 604.912 8.06948e-29 7.49277e-29 0.928532
881 3 7 1 9.53376e-33 604.912 8.06948e-29 7.49277e-29 0.928532
882 3 7 2 9.53376e-33 604.912 8.06948e-29 7.49277e-29 0.928532
883 3 7 3 9.53376e-33 604.912 8.06948e-29 7.49277e-29 0.928532
884 3 7 4 9.53376e-33 604.912 8.06948e-29 7.49277e-29 0.928532
885 3 7 5 9.53376e-33 604.912 8.06948e-29 7.49277e-29 0.928532
886 3 7 6 9.53376e-33 604.912 8.06948e-29 7.49277e-29 0.928532
887 3 7 7 9.53376e-33 604.912 8.06948e-29 7.49277e-29 0.928532
1024 4 0 0 2.16987e-31 618337 1.88539e-27 -1.32286e-25 -70.1638
1025 4 0 1 2.16987e-31 592.13 1.88539e-27 1.7569e-27 0.931852
1026 4 0 2 2.16987e-31 592.13 1.88539e-27 1.7569e-27 0.931852
1027 4 0 3 2.16987e-31 592.13 1.88539e-27 1.7569e-27 0.931852
1028 4 0 4 2.16987e-31 592.13 1.88539e-27 1.7569e-27 0.931852
1029 4 0 5 2.16987e-31 592.13 1.88539e-27 1.7569e-27 0.931852
1030 4 0 6 2.16987e-31 592.13 1.88539e-27 1.7569e-27 0.931852
1031 4 0 7 2.16987e-31 592.13 1.88539e-27 1.7569e-27 0.931852
1040 4 1 0 2.16987e-31 592.13 1.88539e-27 1.7569e-27 0.931852
1041 4 1 1 2.16987e-31 592.13 1.88539e-27 1.7569e-27 0.931852
1042 4 1 2 2.16987e-31 592.13 1.88539e-27 1.7569e-27 0.931852
1043 4 1 3 2.16987e-31 592.13 1.88539e-27 1.7569e-27 0.931852
1044 4 1 4 2.16987e-31 592.13 1.88539e-27 1.7569e-27 0.931852
1045 4 1 5 2.16987e-31 592.13 1.88539e-27 1.7569e-27 0.931852
1046 4 1 6 2.16987e-31 592.13 1.88539e-27 1.7569e-27 0.931852
1047 4 1 7 2.16987e-31 592.13 1.88539e-27 1.7569e-27 0.931852
1056 4 2 0 2.16987e-31 592.13 1.88539e-27 1.7569e-27 0.931852
1057 4 2 1 2.16987e-31 592.13 1.88539e-27 1.7569e-27 0.931852
1058 4 2 2 2.16987e-31 592.13 1.88539e-27 1.7569e-27 0.931852
1059 4 2 3 2.16987e-31 592.13 1.88539e-27 1.7569e-27 0.931852
1060 4 2 4 2.16987e-31 592.13 1.88539e-27 1.7569e-27 0.931852
1061 4 2 5 2.16987e-31 592.13 1.88539e-27 1.7569e-27 0.931852
1062 4 2 6 2.16987e-31 592.13 1.88539e-27 1.7569e-27 0.931852
1063 4 2 7 2.16987e-31 592.13 1.88539e-27 1.7569e-27 0.931852
1072 4 3 0 2.16987e-31 592.13 1.88539e-27 1.7569e-27 0.931852
1073 4 3 1 2.16987e-31 592.13 1.88539e-27 1.7569e-27 0.931852
1074 4 3 2 2.16987e-31 592.13 1.88539e-27 1.7569e-27 0.931852
1075 4 3 3 2.16987e-31 592.13 1.88539e-27 1.7569e-27 0.931852
1076 4 3 4 2.16987e-31 592.13 1.88539e-27 1.7569e-27 0.931852
1077 4 3 5 2.16987e-31 592.13 1.88539e-27 1.7569e-27 0.931852
1078 4 3 6 2.16987e-31 592.13 1.88539e-27 1.7569e-27 0.931852
1079 4 3 7 2.16987e-31 592.13 1.88539e-27 1.7569e-27 0.931852
1088 4 4 0 2.16987e-31 592.13 1.88539e-27 1.7569e-27 0.931852
1089 4 4 1 2.16987e-31 592.13 1.88539e-27 1.7569e-27 0.931852
1090 4 4 2 2.16987e-31 592.13 1.88539e-27 1.7569e-27 0.931852
1091 4 4 3 2.16987e-31 592.13 1.88539e-27 1.7569e-27 0.931852
1092 4 4 4 2.16987e-31 592.13 1.88539e-27 1.7569e-27 0.931852
1093 4 4 5 2.16987e-31 592.13 1.88539e-27 1.7569e-27 0.931852
1094 4 4 6 2.16987e-31 592.13 1.88539e-27 1.7569e-27 0.931852
1095 4 4 7 2.16987e-31 592.13 1.88539e-27 1.7569e-27 0.931852
1104 4 5 0 2.16987e-31 592.13 1.88539e-27 1.7569e-27 0.931852
1105 4 5 1 2.16987e-31 592.13 1.88539e-27 1.7569e-27 0.931852
1106 4 5 2 2.16987e-31 592.13 1.88539e-27 1.7569e-27 0.931852
1107 4 5 3 2.16987e-31 592.13 1.88539e-27 1.7569e-27 0.931852
1108 4 5 4 2.16987e-31 592.13 1.88539e-27 1.7569e-27 0.931852
1109 4 5 5 2.16987e-31 592.13 1.88539e-27 1.7569e-27 0.931852
1110 4 5 6 2.16987e-31 592.13 1.88539e-27 1.7569e-27 0.931852
1111 4 5 7 2.16987e-31 592.13 1.88539e-27 1.7569e-27 0.931852
1120 4 6 0 2.16987e-31 592.13 1.88539e-27 1.7569e-27 0.931852
1121 4 6 1 2.16987e-31 592.13 1.88539e-27 1.7569e-27 0.931852
1122 4 6 2 2.16987e-31 592.13 1.88539e-27 1.7569e-27 0.931852
1123 4 6 3 2.16987e-31 592.13 1.88539e-27 1.7569e-27 0.931852
1124 4 6 4 2.16987e-31 592.13 1.88539e-27 1.7569e-27 0.931852
1125 4 6 5 2.16987e-31 592.13 1.88539e-27 1.7569e-27 0.931852
1126 4 6 6 2.16987e-31 592.13 1.88539e-27 1.7569e-27 0.931852
1127 4 6 7 2.16987e-31 592.13 1.88539e-27 1.7569e-27 0.931852
1136 4 7 0 2.16987e-31 592.13 1.88539e-27 1.7569e-27 0.931852
1137 4 7 1 2.16987e-31 592.13 1.88539e-27 1.7569e-27 0.931852
1138 4 7 2 2.16987e-31 592.13 1.88539e-27 1.7569e-27 0.931852
1139 4 7 3 2.16987e-31 592.13 1.88539e-27 1.7569e-27 0.931852
1140 4 7 4 2.16987e-31 592.13 1.88539e-27 1.7569e-27 0.931852
1141 4 7 5 2.16987e-31 592.13 1.88539e-27 1.7569e-27 0.931852
1142 4 7 6 2.16987e-31 592.13 1.88539e-27 1.7569e-27 0.931852
1143 4 7 7 2.16987e-31 592.13 1.88539e-27 1.7569e-27 0.931852
1280 5 0 0 2.26106e-30 589304 1.99685e-26 -1.31248e-24 -65.7278
1281 5 0 1 2.26106e-30 582.36 1.99685e-26 1.86517e-26 0.934058
1282 5 0 2 2.26106e-30 582.36 1.99685e-26 1.86517e-26 0.934058
1283 5 0 3 2.26106e-30 582.36 1.99685e-26 1.86517e-26 0.934058
1284 5 0 4 2.26106e-30 582.36 1.99685e-26 1.86517e-26 0.934058
1285 5 0 5 2.26106e-30 582.36 1.99685e-26 1.86517e-26 0.934058
1286 5 0 6 2.26106e-30 582.36 1.99685e-26 1.86517e-26 0.934058
1287 5 0 7 2.26106e-30 582.36 1.99685e-26 1.86517e-26 0.934058
1296 5 1 0 2.26106e-30 582.36 1.99685e-26 1.86517e-26 0.934058
1297 5 1 1 2.26106e-30 582.36 1.99685e-26 1.86517e-26 0.934058
1298 5 1 2 2.26106e-30 582.36 1.99685e-26 1.86517e-26 0.934058
1299 5 1 3 2.26106e-30 582.36 1.99685e-26 1.86517e-26 0.934058
1300 5 1 4 2.26106e-30 582.36 1.99685e-26 1.86517e-26 0.934058
1301 5 1 5 2.26106e-30 582.36 1.99685e-26 1.86517e-26 0.934058
1302 5 1 6 2.26106e-30 582.36 1.99685e-26 1.86517e-26 0.934058
1303 5 1 7 2.26106e-30 582.36 1.99685e-26 1.86517e-26 0.934058
1312 5 2 0 2.26106e-30 582.36 1.99687e-26 1.86519e-26 0.934059
1313 5 2 1 2.26106e-30 582.36 1.99687e-26 1.86519e-26 0.934059
1314 5 2 2 2.26106e-30 582.36 1.99687e-26 1.86519e-26 0.934059
1315 5 2 3 2.26106e-30 582.36 1.99687e-26 1.86519e-26 0.934059
1316 5 2 4 2.26106e-30 582.36 1.99687e-26 1.86519e-26 0.934059
1317 5 2 5 2.26106e-30 582.36 1.99687e-26 1.86519e-26 0.934059
1318 5 2 6 2.26106e-30 582.36 1.99687e-26 1.86519e-26 0.934059
1319 5 2 7 2.26106e-30 582.36 1.99687e-26 1.86519e-26 0.934059
1328 5 3 0 2.26106e-30 582.36 1.99687e-26 1.86519e-26 0.934059
1329 5 3 1 2.26106e-30 582.36 1.99687e-26 1.86519e-26 0.934059
1330 5 3 2 2.26106e-30 582.36 1.99687e-26 1.86519e-26 0.934059
1331 5 3 3 2.26106e-30 582.36 1.99687e-26 1.86519e-26 0.934059
1332 5 3 4 2.26106e-30 582.36 1.99687e-26 1.86519e-26 0.934059
1333 5 3 5 2.26106e-30 582.36 1.99687e-26 1.86519e-26 0.934059
1334 5 3 6 2.26106e-30 582.36 1.99687e-26 1.86519e-26 0.934059
1335 5 3 7 2.26106e-30 582.36 1.99687e-26 1.86519e-26 0.934059
1344 5 4 0 2.26106e-30 582.36 1.99687e-26 1.86519e-26 0.934059
1345 5 4 1 2.26106e-30 582.36 1.99687e-26 1.86519e-26 0.934059
1346 5 4 2 2.26106e-30 582.36 1.99687e-26 1.86519e-26 0.934059
1347 5 4 3 2.26106e-30 582.36 1.99687e-26 1.86519e-26 0.934059
1348 5 4 4 2.26106e-30 582.36 1.99687e-26 1.86519e-26 0.934059
1349 5 4 5 2.26106e-30 582.36 1.99687e-26 1.86519e-26 0.934059
1350 5 4 6 2.26106e-30 582.36 1.99687e-26 1.86519e-26 0.934059
1351 5 4 7 2.26106e-30 582.36 1.99687e-26 1.86519e-26 0.934059
1360 5 5 0 2.26106e-30 582.36 1.99687e-26 1.86519e-26 0.934059
1361 5 5 1 2.26106e-30 582.36 1.99687e-26 1.86519e-26 0.934059
1362 5 5 2 2.26106e-30 582.36 1.99687e-26 1.86519e-26 0.934059
1363 5 5 3 2.26106e-30 582.36 1.99687e-26 1.86519e-26 0.934059
1364 5 5 4 2.26106e-30 582.36 1.99687e-26 1.86519e-26 0.934059
1365 5 5 5 2.26106e-30 582.36 1.99687e-26 1.86519e-26 0.934059
1366 5 5 6 2.26106e-30 582.36 1.99687e-26 1.86519e-26 0.934059
1367 5 5 7 2.26106e-30 582.36 1.99687e-26 1.86519e-26 0.934059
1376 5 6 0 2.26106e-30 582.36 1.99685e-26 1.86517e-26 0.934059
1377 5 6 1 2.26106e-30 582.36 1.99685e-26 1.86517e-26 0.934059
1378 5 6 2 2.26106e-30 582.36 1.99685e-26 1.86517e-26 0.934059
1379 5 6 3 2.26106e-30 582.36 1.99685e-26 1.86517e-26 0.934059
1380 5 6 4 2.26106e-30 582.36 1.99685e-26 1.86517e-26 0.934059
1381 5 6 5 2.26106e-30 582.36 1.99685e-26 1.86517e-26 0.934059
1382 5 6 6 2.26106e-30 582.36 1.99685e-26 1.86517e-26 0.934059
1383 5 6 7 2.26106e-30 582.36 1.99685e-26 1.86517e-26 0.934059
1392 5 7 0 2.26106e-30 582.36 1.99685e-26 1.86517e-26 0.934059
1393 5 7 1 2.26106e-30 582.36 1.99685e-26 1.86517e-26 0.934059
1394 5 7 2 2.26106e-30 582.36 1.99685e-26 1.86517e-26 0.934059
1395 5 7 3 2.26106e-30 582.36 1.99685e-26 1.86517e-26 0.934059
1396 5 7 4 2.26106e-30 582.36 1.99685e-26 1.86517e-26 0.934059
1397 5 7 5 2.26106e-30 582.36 1.99685e-26 1.86517e-26 0.934059
1398 5 7 6 2.26106e-30 582.36 1.99685e-26 1.86517e-26 0.934059
1399 5 7 7 2.26106e-30 582.36 1.99685e-26 1.86517e-26 0.934059
1536 6 0 0 1.07869e-29 570208 9.47427e-26 -6.05604e-24 -63.921
1537 6 0 1 1.07869e-29 575.755 9.47427e-26 8.85321e-26 0.934448
1538 6 0 2 1.07869e-29 575.755 9.47427e-26 8.85321e-26 0.934448
1539 6 0 3 1.07869e-29 575.755 9.47427e-26 8.85321e-26 0.934448
1540 6 0 4 1.07869e-29 575.755 9.47427e-26 8.85321e-26 0.934448
1541 6 0 5 1.07869e-29 575.755 9.47427e-26 8.85321e-26 0.934448
1542 6 0 6 1.07869e-29 575.755 9.47427e-26 8.85321e-26 0.934448
1543 6 0 7 1.07869e-29 575.755 9.47427e-26 8.85321e-26 0.934448
1552 6 1 0 1.07869e-29 575.755 9.47427e-26 8.85321e-26 0.934448
1553 6 1 1 1.07869e-29 575.755 9.47427e-26 8.85321e-26 0.934448
1554 6 1 2 1.07869e-29 575.755 9.47427e-26 8.85321e-26 0.934448
1555 6 1 3 1.07869e-29 575.755 9.47427e-26 8.85321e-26 0.934448
1556 6 1 4 1.07869e-29 575.755 9.47427e-26 8.85321e-26 0.934448
1557 6 1 5 1.07869e-29 575.755 9.47427e-26 8.85321e-26 0.934448
1558 6 1 6 1.07869e-29 575.755 9.47427e-26 8.85321e-26 0.934448
1559 6 1 7 1.07869e-29 575.755 9.47427e-26 8.85321e-26 0.934448
1568 6 2 0 1.07869e-29 575.755 9.47428e-26 8.85322e-26 0.934448
1569 6 2 1 1.07869e-29 575.755 9.47428e-26 8.85322e-26 0.934448
1570 6 2 2 1.07869e-29 575.755 9.47428e-26 8.85322e-26 0.934448
1571 6 2 3 1.07869e-29 575.755 9.47428e-26 8.85322e-26 0.934448
1572 6 2 4 1.07869e-29 575.755 9.47428e-26 8.85322e-26 0.934448
1573 6 2 5 1.07869e-29 575.755 9.47428e-26 8.85322e-26 0.934448
1574 6 2 6 1.07869e-29 575.755 9.47428e-26 8.85322e-26 0.934448
1575 6 2 7 1.07869e-29 575.755 9.47428e-26 8.85322e-26 0.934448
1584 6 3 0 1.07869e-29 575.755 9.47428e-26 8.85322e-26 0.934448
1585 6 3 1 1.07869e-29 575.755 9.47428e-26 8.85322e-26 0.934448
1586 6 3 2 1.07869e-29 575.755 9.47428e-26 8.85322e-26 0.934448
1587 6 3 3 1.07869e-29 575.755 9.47428e-26 8.85322e-26 0.934448
1588 6 3 4 1.07869e-29 575.755 9.47428e-26 8.85322e-26 0.934448
1589 6 3 5 1.07869e-29 575.755 9.47428e-26 8.85322e-26 0.934448
1590 6 3 6 1.07869e-29 575.755 9.47428e-26 8.85322e-26 0.934448
1591 6 3 7 1.07869e-29 575.755 9.47428e-26 8.85322e-26 0.934448
1600 6 4 0 1.07869e-29 575.755 9.47428e-26 8.85322e-26 0.934448
1601 6 4 1 1.07869e-29 575.755 9.47428e-26 8.85322e-26 0.934448
1602 6 4 2 1.07869e-29 575.755 9.47428e-26 8.85322e-26 0.934448
1603 6 4 3 1.07869e-29 575.755 9.47428e-26 8.85322e-26 0.934448
1604 6 4 4 1.07869e-29 575.755 9.47428e-26 8.85322e-26 0.934448
1605 6 4 5 1.07869e-29 575.755 9.47428e-26 8.85322e-26 0.934448
1606 6 4 6 1.07869e-29 575.755 9.47428e-26 8.85322e-26 0.934448
1607 6 4 7 1.07869e-29 575.755 9.47428e-26 8.85322e-26 0.934448
1616 6 5 0 1.07869e-29 575.755 9.47428e-26 8.85322e-26 0.934448
1617 6 5 1 1.07869e-29 575.755 9.47428e-26 8.85322e-26 0.934448
1618 6 5 2 1.07869e-29 575.755 9.47428e-26 8.85322e-26 0.934448
1619 6 5 3 1.07869e-29 575.755 9.47428e-26 8.85322e-26 0.934448
1620 6 5 4 1.07869e-29 575.755 9.47428e-26 8.85322e-26 0.934448
1621 6 5 5 1.07869e-29 575.755 9.47428e-26 8.85322e-26 0.934448
1622 6 5 6 1.07869e-29 575.755 9.47428e-26 8.85322e-26 0.934448
1623 6 5 7 1.07869e-29 575.755 9.47428e-26 8.85322e-26 0.934448
1632 6 6 0 1.07869e-29 575.755 9.47427e-26 8.85321e-26 0.934448
1633 6 6 1 1.07869e-29 575.755 9.47427e-26 8.85321e-26 0.934448
1634 6 6 2 1.07869e-29 575.755 9.47427e-26 8.85321e-26 0.934448
1635 6 6 3 1.07869e-29 575.755 9.47427e-26 8.85321e-26 0.934448
1636 6 6 4 1.07869e-29 575.755 9.47427e-26 8.85321e-26 0.934448
1637 6 6 5 1.07869e-29 575.755 9.47427e-26 8.85321e-26 0.934448
1638 6 6 6 1.07869e-29 575.755 9.47427e-26 8.85321e-26 0.934448
1639 6 6 7 1.07869e-29 575.755 9.47427e-26 8.85321e-26 0.934448
1648 6 7 0 1.07869e-29 575.755 9.47427e-26 8.85321e-26 0.934448
1649 6 7 1 1.07869e-29 575.755 9.47427e-26 8.85321e-26 0.934448
1650 6 7 2 1.07869e-29 575.755 9.47427e-26 8.85321e-26 0.934448
1651 6 7 3 1.07869e-29 575.755 9.47427e-26 8.85321e-26 0.934448
1652 6 7 4 1.07869e-29 575.755 9.47427e-26 8.85321e-26 0.934448
1653 6 7 5 1.07869e-29 575.755 9.47427e-26 8.85321e-26 0.934448
1654 6 7 6 1.07869e-29 575.755 9.47427e-26 8.85321e-26 0.934448
1655 6 7 7 1.07869e-29 575.755 9.47427e-26 8.85321e-26 0.934448
1792 7 0 0 2.35608e-29 560739 2.04857e-25 -1.30066e-23 -63.491
1793 7 0 1 2.35608e-29 572.423 2.04857e-25 1.91371e-25 0.934165
1794 7 0 2 2.35608e-29 572.423 2.04857e-25 1.91371e-25 0.934165
1795 7 0 3 2.35608e-29 572.423 2.04857e-25 1.91371e-25 0.934165
1796 7 0 4 2.35608e-29 572.423 2.04857e-25 1.91371e-25 0.934165
1797 7 0 5 2.35608e-29 572.423 2.04857e-25 1.91371e-25 0.934165
1798 7 0 6 2.35608e-29 572.423 2.04857e-25 1.91371e-25 0.934165
1799 7 0 7 2.35608e-29 572.423 2.04857e-25 1.91371e-25 0.934165
1808 7 1 0 2.35608e-29 572.423 2.04857e-25 1.91371e-25 0.934165
1809 7 1 1 2.35608e-29 572.423 2.04857e-25 1.91371e-25 0.934165
1810 7 1 2 2.35608e-29 572.423 2.04857e-25 1.91371e-25 0.934165
1811 7 1 3 2.35608e-29 572.423 2.04857e-25 1.91371e-25 0.934165
1812 7 1 4 2.35608e-29 572.423 2.04857e-25 1.91371e-25 0.934165
1813 7 1 5 2.35608e-29 572.423 2.04857e-25 1.91371e-25 0.934165
1814 7 1 6 2.35608e-29 572.423 2.04857e-25 1.91371e-25 0.934165
1815 7 1 7 2.35608e-29 572.423 2.04857e-25 1.91371e-25 0.934165
1824 7 2 0 2.35608e-29 572.423 2.04858e-25 1.91371e-25 0.934165
1825 7 2 1 2.35608e-29 572.423 2.04858e-25 1.91371e-25 0.934165
1826 7 2 2 2.35608e-29 572.423 2.04858e-25 1.91371e-25 0.934165
1827 7 2 3 2.35608e-29 572.423 2.04858e-25 1.91371e-25 0.934165
1828 7 2 4 2.35608e-29 572.423 2.04858e-25 1.91371e-25 0.934165
1829 7 2 5 2.35608e-29 572.423 2.04858e-25 1.91371e-25 0.934165
1830 7 2 6 2.35608e-29 572.423 2.04858e-25 1.91371e-25 0.934165
1831 7 2 7 2.35608e-29 572.423 2.04858e-25 1.91371e-25 0.934165
1840 7 3 0 2.35608e-29 572.423 2.04858e-25 1.91371e-25 0.934165
1841 7 3 1 2.35608e-29 572.423 2.04858e-25 1.91371e-25 0.934165
1842 7 3 2 2.35608e-29 572.423 2.04858e-25 1.91371e-25 0.934165
1843 7 3 3 2.35608e-29 572.423 2.04858e-25 1.91371e-25 0.934165
1844 7 3 4 2.35608e-29 572.423 2.04858e-25 1.91371e-25 0.934165
1845 7 3 5 2.35608e-29 572.423 2.04858e-25 1.91371e-25 0.934165
1846 7 3 6 2.35608e-29 572.423 2.04858e-25 1.91371e-25 0.934165
1847 7 3 7 2.35608e-29 572.423 2.04858e-25 1.91371e-25 0.934165
1856 7 4 0 2.35608e-29 572.423 2.04858e-25 1.91371e-25 0.934165
1857 7 4 1 2.35608e-29 572.423 2.04858e-25 1.91371e-25 0.934165
1858 7 4 2 2.35608e-29 572.423 2.04858e-25 1.91371e-25 0.934165
1859 7 4 3 2.35608e-29 572.423 2.04858e-25 1.91371e-25 0.934165
1860 7 4 4 2.35608e-29 572.423 2.04858e-25 1.91371e-25 0.934165
1861 7 4 5 2.35608e-29 572.423 2.04858e-25 1.91371e-25 0.934165
1862 7 4 6 2.35608e-29 572.423 2.04858e-25 1.91371e-25 0.934165
1863 7 4 7 2.35608e-29 572.423 2.04858e-25 1.91371e-25 0.934165
1872 7 5 0 2.35608e-29 572.423 2.04858e-25 1.91371e-25 0.934165
1873 7 5 1 2.35608e-29 572.423 2.04858e-25 1.91371e-25 0.934165
1874 7 5 2 2.35608e-29 572.423 2.04858e-25 1.91371e-25 0.934165
1875 7 5 3 2.35608e-29 572.423 2.04858e-25 1.91371e-25 0.934165
1876 7 5 4 2.35608e-29 572.423 2.04858e-25 1.91371e-25 0.934165
1877 7 5 5 2.35608e-29 572.423 2.04858e-25 1.91371e-25 0.934165
1878 7 5 6 2.35608e-29 572.423 2.04858e-25 1.91371e-25 0.934165
1879 7 5 7 2.35608e-29 572.423 2.04858e-25 1.91371e-25 0.934165
1888 7 6 0 2.35608e-29 572.423 2.04858e-25 1.91371e-25 0.934165
1889 7 6 1 2.35608e-29 572.423 2.04858e-25 1.91371e-25 0.934165
1890 7 6 2 2.35608e-29 572.423 2.04858e-25 1.91371e-25 0.934165
1891 7 6 3 2.35608e-29 572.423 2.04858e-25 1.91371e-25 0.934165
1892 7 6 4 2.35608e-29 572.423 2.04858e-25 1.91371e-25 0.934165
1893 7 6 5 2.35608e-29 572.423 2.04858e-25 1.91371e-25 0.934165
1894 7 6 6 2.35608e-29 572.423 2.04858e-25 1.91371e-25 0.934165
1895 7 6 7 2.35608e-29 572.423 2.04858e-25 1.91371e-25 0.934165
1904 7 7 0 2.35608e-29 572.423 2.04858e-25 1.91371e-25 0.934165
1905 7 7 1 2.35608e-29 572.423 2.04858e-25 1.91371e-25 0.934165
1906 7 7 2 2.35608e-29 572.423 2.04858e-25 1.91371e-25 0.934165
1907 7 7 3 2.35608e-29 572.423 2.04858e-25 1.91371e-25 0.934165
1908 7 7 4 2.35608e-29 572.423 2.04858e-25 1.91371e-25 0.934165
1909 7 7 5 2.35608e-29 572.423 2.04858e-25 1.91371e-25 0.934165
1910 7 7 6 2.35608e-29 572.423 2.04858e-25 1.91371e-25 0.934165
1911 7 7 7 2.35608e-29 572.423 2.04858e-25 1.91371e-25 0.934165
